Aug 01, 2023 7:55:59 AM SimpleFormatterEx main
SEVERE: severe level
Aug 01, 2023 7:55:59 AM SimpleFormatterEx main
WARNING: warning level
Aug 01, 2023 7:55:59 AM SimpleFormatterEx main
INFO: info level
Aug 01, 2023 7:55:59 AM SimpleFormatterEx main
CONFIG: config level
Aug 01, 2023 7:55:59 AM SimpleFormatterEx main
CONFIG: fine
Aug 01, 2023 7:55:59 AM SimpleFormatterEx main
CONFIG: finer
Aug 01, 2023 7:55:59 AM SimpleFormatterEx main
CONFIG: finest
Aug 01, 2023 7:56:40 AM SimpleFormatterEx main
SEVERE: severe level
Aug 01, 2023 7:56:40 AM SimpleFormatterEx main
WARNING: warning level
Aug 01, 2023 7:56:40 AM SimpleFormatterEx main
INFO: info level
Aug 01, 2023 7:56:40 AM SimpleFormatterEx main
CONFIG: config level
Aug 01, 2023 7:56:40 AM SimpleFormatterEx main
CONFIG: fine
Aug 01, 2023 7:56:40 AM SimpleFormatterEx main
CONFIG: finer
Aug 01, 2023 7:56:40 AM SimpleFormatterEx main
CONFIG: finest
Aug 01, 2023 7:57:13 AM SimpleFormatterEx main
SEVERE: severe level
Aug 01, 2023 7:57:13 AM SimpleFormatterEx main
WARNING: warning level
Aug 01, 2023 7:57:13 AM SimpleFormatterEx main
INFO: info level
Aug 01, 2023 7:57:13 AM SimpleFormatterEx main
CONFIG: config level
Aug 01, 2023 7:57:13 AM SimpleFormatterEx main
CONFIG: fine
Aug 01, 2023 7:57:13 AM SimpleFormatterEx main
CONFIG: finer
Aug 01, 2023 7:57:13 AM SimpleFormatterEx main
CONFIG: finest
Aug 01, 2023 7:57:29 AM SimpleFormatterEx main
SEVERE: severe level
Aug 01, 2023 7:57:29 AM SimpleFormatterEx main
WARNING: warning level
Aug 01, 2023 7:57:29 AM SimpleFormatterEx main
INFO: info level
Aug 01, 2023 8:00:17 AM SimpleFormatterEx main
SEVERE: severe level
Aug 01, 2023 8:00:18 AM SimpleFormatterEx main
WARNING: warning level
Aug 01, 2023 8:00:18 AM SimpleFormatterEx main
INFO: info level
Aug 01, 2023 8:00:55 AM SimpleFormatterEx main
SEVERE: severe level
Aug 01, 2023 8:00:55 AM SimpleFormatterEx main
WARNING: warning level
Aug 01, 2023 8:00:55 AM SimpleFormatterEx main
INFO: info level
Aug 01, 2023 8:00:56 AM SimpleFormatterEx main
SEVERE: severe level
Aug 01, 2023 8:00:56 AM SimpleFormatterEx main
WARNING: warning level
Aug 01, 2023 8:00:56 AM SimpleFormatterEx main
INFO: info level
Aug 01, 2023 8:00:56 AM SimpleFormatterEx main
SEVERE: severe level
Aug 01, 2023 8:00:56 AM SimpleFormatterEx main
WARNING: warning level
Aug 01, 2023 8:00:56 AM SimpleFormatterEx main
INFO: info level
Aug 01, 2023 8:00:57 AM SimpleFormatterEx main
SEVERE: severe level
Aug 01, 2023 8:00:57 AM SimpleFormatterEx main
WARNING: warning level
Aug 01, 2023 8:00:57 AM SimpleFormatterEx main
INFO: info level
Aug 01, 2023 8:01:22 AM SimpleFormatterEx main
SEVERE: severe level
Aug 01, 2023 8:01:22 AM SimpleFormatterEx main
WARNING: warning level
Aug 01, 2023 8:01:23 AM SimpleFormatterEx main
INFO: info level
Aug 01, 2023 8:01:24 AM SimpleFormatterEx main
SEVERE: severe level
Aug 01, 2023 8:01:24 AM SimpleFormatterEx main
WARNING: warning level
Aug 01, 2023 8:01:24 AM SimpleFormatterEx main
INFO: info level
Aug 01, 2023 8:02:24 AM SimpleFormatterEx main
SEVERE: severe level
Aug 01, 2023 8:02:24 AM SimpleFormatterEx main
WARNING: warning level
Aug 01, 2023 8:02:24 AM SimpleFormatterEx main
INFO: info level
Aug 01, 2023 8:02:24 AM SimpleFormatterEx main
CONFIG: config level
Aug 01, 2023 8:02:25 AM SimpleFormatterEx main
SEVERE: severe level
Aug 01, 2023 8:02:25 AM SimpleFormatterEx main
WARNING: warning level
Aug 01, 2023 8:02:25 AM SimpleFormatterEx main
INFO: info level
Aug 01, 2023 8:02:25 AM SimpleFormatterEx main
CONFIG: config level
Aug 01, 2023 8:05:14 AM SimpleFormatterEx main
SEVERE: severe level
Aug 01, 2023 8:05:14 AM SimpleFormatterEx main
WARNING: warning level
Aug 01, 2023 8:05:14 AM SimpleFormatterEx main
INFO: info level
Aug 01, 2023 8:05:14 AM SimpleFormatterEx main
CONFIG: config level
Aug 01, 2023 8:07:09 AM SimpleFormatterEx main
SEVERE: severe level
Aug 01, 2023 8:07:09 AM SimpleFormatterEx main
WARNING: warning level
Aug 01, 2023 8:07:09 AM SimpleFormatterEx main
INFO: info level
Aug 01, 2023 8:07:09 AM SimpleFormatterEx main
CONFIG: config level
Aug 01, 2023 8:07:09 AM SimpleFormatterEx main
CONFIG: fine
Aug 01, 2023 8:07:09 AM SimpleFormatterEx main
CONFIG: finer
Aug 01, 2023 8:07:09 AM SimpleFormatterEx main
CONFIG: finest
Aug 01, 2023 8:08:23 AM SimpleFormatterEx main
SEVERE: severe level
Aug 01, 2023 8:08:23 AM SimpleFormatterEx main
WARNING: warning level
Aug 01, 2023 8:08:23 AM SimpleFormatterEx main
INFO: info level
Aug 01, 2023 8:08:23 AM SimpleFormatterEx main
CONFIG: config level
Aug 01, 2023 8:09:13 AM SimpleFormatterEx main
SEVERE: severe level
Aug 01, 2023 8:09:13 AM SimpleFormatterEx main
WARNING: warning level
Aug 01, 2023 8:09:13 AM SimpleFormatterEx main
INFO: info level
Aug 01, 2023 8:09:13 AM SimpleFormatterEx main
CONFIG: config level
Aug 01, 2023 8:09:13 AM SimpleFormatterEx main
CONFIG: fine
Aug 01, 2023 8:09:13 AM SimpleFormatterEx main
CONFIG: finer
Aug 01, 2023 8:09:13 AM SimpleFormatterEx main
CONFIG: finest
Aug 01, 2023 8:09:16 AM SimpleFormatterEx main
SEVERE: severe level
Aug 01, 2023 8:09:16 AM SimpleFormatterEx main
WARNING: warning level
Aug 01, 2023 8:09:16 AM SimpleFormatterEx main
INFO: info level
Aug 01, 2023 8:09:16 AM SimpleFormatterEx main
CONFIG: config level
Aug 01, 2023 8:09:16 AM SimpleFormatterEx main
CONFIG: fine
Aug 01, 2023 8:09:16 AM SimpleFormatterEx main
CONFIG: finer
Aug 01, 2023 8:09:16 AM SimpleFormatterEx main
CONFIG: finest
