Aug 01, 2023 8:10:14 AM SimpleFormatterEx main
SEVERE: severe level
Aug 01, 2023 8:10:14 AM SimpleFormatterEx main
WARNING: warning level
Aug 01, 2023 8:10:14 AM SimpleFormatterEx main
INFO: info level
Aug 01, 2023 8:10:14 AM SimpleFormatterEx main
CONFIG: config level
Aug 01, 2023 8:10:14 AM SimpleFormatterEx main
CONFIG: fine
Aug 01, 2023 8:10:14 AM SimpleFormatterEx main
CONFIG: finer
Aug 01, 2023 8:10:14 AM SimpleFormatterEx main
CONFIG: finest
Aug 01, 2023 8:10:41 AM SimpleFormatterEx main
SEVERE: severe level
Aug 01, 2023 8:10:41 AM SimpleFormatterEx main
WARNING: warning level
Aug 01, 2023 8:10:41 AM SimpleFormatterEx main
INFO: info level
Aug 01, 2023 8:10:41 AM SimpleFormatterEx main
CONFIG: config level
Aug 01, 2023 8:10:41 AM SimpleFormatterEx main
CONFIG: fine
Aug 01, 2023 8:10:41 AM SimpleFormatterEx main
CONFIG: finer
Aug 01, 2023 8:10:41 AM SimpleFormatterEx main
CONFIG: finest
Aug 01, 2023 8:11:11 AM SimpleFormatterEx main
SEVERE: severe level
Aug 01, 2023 8:11:11 AM SimpleFormatterEx main
WARNING: warning level
Aug 01, 2023 8:11:11 AM SimpleFormatterEx main
INFO: info level
Aug 01, 2023 8:11:11 AM SimpleFormatterEx main
CONFIG: config level
Aug 01, 2023 8:11:16 AM SimpleFormatterEx main
SEVERE: severe level
Aug 01, 2023 8:11:16 AM SimpleFormatterEx main
WARNING: warning level
Aug 01, 2023 8:11:16 AM SimpleFormatterEx main
INFO: info level
Aug 01, 2023 8:11:16 AM SimpleFormatterEx main
CONFIG: config level
Aug 01, 2023 8:12:08 AM SimpleFormatterEx main
SEVERE: severe level
Aug 01, 2023 8:12:08 AM SimpleFormatterEx main
WARNING: warning level
Aug 01, 2023 8:12:08 AM SimpleFormatterEx main
INFO: info level
Aug 01, 2023 8:12:08 AM SimpleFormatterEx main
CONFIG: config level
